2023-04-06 17:24:52,528 getYAMLFiles logging, Files successfully obtained
2023-04-06 17:24:52,954 isValidUserName logging, User name is valid
2023-04-06 17:24:52,954 isValidPasswordName logging, password name is valid
2023-04-06 17:24:52,954 isValidKey logging, Key is not valid
2023-04-06 17:24:52,955 isValidUserName logging, User name is valid
2023-04-06 17:24:52,955 isValidPasswordName logging, password name is valid
2023-04-06 17:24:52,955 isValidKey logging, Key is not valid
2023-04-06 17:24:52,955 isValidUserName logging, User name is valid
2023-04-06 17:24:52,955 isValidPasswordName logging, password name is valid
2023-04-06 17:24:52,955 isValidKey logging, Key is not valid
2023-04-06 17:24:52,955 isValidUserName logging, User name is valid
2023-04-06 17:24:52,955 isValidPasswordName logging, password name is valid
2023-04-06 17:24:52,955 isValidKey logging, Key is not valid
2023-04-06 17:24:52,955 isValidUserName logging, User name is valid
2023-04-06 17:24:52,955 isValidPasswordName logging, password name is valid
2023-04-06 17:24:52,955 isValidKey logging, Key is not valid
2023-04-06 17:24:52,955 isValidUserName logging, User name is valid
2023-04-06 17:24:52,955 isValidPasswordName logging, password name is valid
2023-04-06 17:24:52,955 isValidKey logging, Key is not valid
2023-04-06 17:24:52,956 isValidUserName logging, User name is valid
2023-04-06 17:24:52,956 isValidPasswordName logging, password name is valid
2023-04-06 17:24:52,956 isValidKey logging, Key is not valid
2023-04-06 17:24:52,956 isValidUserName logging, User name is valid
2023-04-06 17:24:52,956 isValidPasswordName logging, password name is valid
2023-04-06 17:24:52,956 isValidKey logging, Key is not valid
2023-04-06 17:24:52,956 isValidUserName logging, User name is valid
2023-04-06 17:24:52,956 isValidPasswordName logging, password name is valid
2023-04-06 17:24:52,956 isValidKey logging, Key is not valid
2023-04-06 17:24:52,956 isValidUserName logging, User name is valid
2023-04-06 17:24:52,957 isValidPasswordName logging, password name is valid
2023-04-06 17:24:52,957 isValidKey logging, Key is not valid
2023-04-06 17:24:52,957 isValidUserName logging, User name is valid
2023-04-06 17:24:52,958 isValidPasswordName logging, password name is valid
2023-04-06 17:24:52,958 isValidKey logging, Key is not valid
2023-04-06 17:24:52,958 isValidUserName logging, User name is valid
2023-04-06 17:24:52,958 isValidPasswordName logging, password name is valid
2023-04-06 17:24:52,958 isValidKey logging, Key is not valid
2023-04-06 17:24:52,958 isValidUserName logging, User name is valid
2023-04-06 17:24:52,958 isValidPasswordName logging, password name is valid
2023-04-06 17:24:52,958 isValidKey logging, Key is not valid
2023-04-06 17:24:52,958 isValidUserName logging, User name is valid
2023-04-06 17:24:52,958 isValidPasswordName logging, password name is valid
2023-04-06 17:24:52,958 isValidKey logging, Key is not valid
2023-04-06 17:24:52,958 isValidUserName logging, User name is valid
2023-04-06 17:24:52,958 isValidPasswordName logging, password name is valid
2023-04-06 17:24:52,958 isValidKey logging, Key is not valid
2023-04-06 17:24:52,958 isValidUserName logging, User name is valid
2023-04-06 17:24:52,959 isValidPasswordName logging, password name is valid
2023-04-06 17:24:52,959 isValidKey logging, Key is not valid
2023-04-06 17:24:52,959 isValidUserName logging, User name is valid
2023-04-06 17:24:52,959 isValidPasswordName logging, password name is valid
2023-04-06 17:24:52,959 isValidKey logging, Key is not valid
2023-04-06 17:24:52,959 isValidUserName logging, User name is valid
2023-04-06 17:24:52,959 isValidPasswordName logging, password name is valid
2023-04-06 17:24:52,959 isValidKey logging, Key is not valid
2023-04-06 17:24:52,959 isValidUserName logging, User name is valid
2023-04-06 17:24:52,959 isValidPasswordName logging, password name is valid
2023-04-06 17:24:52,959 isValidKey logging, Key is not valid
2023-04-06 17:24:52,959 isValidUserName logging, User name is valid
2023-04-06 17:24:52,959 isValidPasswordName logging, password name is valid
2023-04-06 17:24:52,959 isValidKey logging, Key is not valid
2023-04-06 17:24:52,960 isValidUserName logging, User name is valid
2023-04-06 17:24:52,960 isValidPasswordName logging, password name is valid
2023-04-06 17:24:52,960 isValidKey logging, Key is not valid
2023-04-06 17:24:52,960 isValidUserName logging, User name is valid
2023-04-06 17:24:52,960 isValidPasswordName logging, password name is valid
2023-04-06 17:24:52,960 isValidKey logging, Key is not valid
2023-04-06 17:24:52,960 isValidUserName logging, User name is valid
2023-04-06 17:24:52,960 isValidPasswordName logging, password name is valid
2023-04-06 17:24:52,960 isValidKey logging, Key is not valid
2023-04-06 17:24:52,960 isValidUserName logging, User name is valid
2023-04-06 17:24:52,960 isValidPasswordName logging, password name is valid
2023-04-06 17:24:52,960 isValidKey logging, Key is not valid
2023-04-06 17:24:52,960 isValidUserName logging, User name is valid
2023-04-06 17:24:52,960 isValidPasswordName logging, password name is valid
2023-04-06 17:24:52,960 isValidKey logging, Key is not valid
2023-04-06 17:24:52,960 isValidUserName logging, User name is valid
2023-04-06 17:24:52,960 isValidPasswordName logging, password name is valid
2023-04-06 17:24:52,961 isValidKey logging, Key is not valid
2023-04-06 17:24:52,961 isValidUserName logging, User name is valid
2023-04-06 17:24:52,961 isValidPasswordName logging, password name is valid
2023-04-06 17:24:52,961 isValidKey logging, Key is not valid
2023-04-06 17:24:52,961 isValidUserName logging, User name is valid
2023-04-06 17:24:52,961 isValidPasswordName logging, password name is valid
2023-04-06 17:24:52,961 isValidKey logging, Key is not valid
2023-04-06 17:24:52,961 isValidUserName logging, User name is valid
2023-04-06 17:24:52,961 isValidPasswordName logging, password name is valid
2023-04-06 17:24:52,961 checkIfValidSecret logging, secret is valid
2023-04-06 17:24:52,961 isValidKey logging, Key is not valid
2023-04-06 17:24:52,961 isValidUserName logging, User name is valid
2023-04-06 17:24:52,961 isValidPasswordName logging, password name is valid
2023-04-06 17:24:52,961 isValidKey logging, Key is not valid
2023-04-06 17:24:52,961 isValidUserName logging, User name is valid
2023-04-06 17:24:52,961 checkIfValidSecret logging, secret is valid
2023-04-06 17:24:52,961 isValidPasswordName logging, password name is valid
2023-04-06 17:24:52,961 isValidKey logging, Key is not valid
2023-04-06 17:24:52,962 isValidUserName logging, User name is valid
2023-04-06 17:24:52,962 isValidPasswordName logging, password name is valid
2023-04-06 17:24:52,962 isValidKey logging, Key is not valid
2023-04-06 17:24:52,962 isValidUserName logging, User name is valid
2023-04-06 17:24:52,962 isValidPasswordName logging, password name is valid
2023-04-06 17:24:52,962 isValidKey logging, Key is not valid
2023-04-06 17:24:52,962 isValidUserName logging, User name is valid
2023-04-06 17:24:52,962 isValidPasswordName logging, password name is valid
2023-04-06 17:24:52,962 isValidKey logging, Key is not valid
2023-04-06 17:24:52,962 isValidUserName logging, User name is valid
2023-04-06 17:24:52,962 isValidPasswordName logging, password name is valid
2023-04-06 17:24:52,963 isValidKey logging, Key is not valid
2023-04-06 17:24:52,963 isValidUserName logging, User name is valid
2023-04-06 17:24:52,963 isValidPasswordName logging, password name is valid
2023-04-06 17:24:52,963 isValidKey logging, Key is not valid
2023-04-06 17:24:52,963 isValidUserName logging, User name is valid
2023-04-06 17:24:52,963 isValidPasswordName logging, password name is valid
2023-04-06 17:24:52,963 isValidKey logging, Key is not valid
2023-04-06 17:24:52,963 isValidUserName logging, User name is valid
2023-04-06 17:24:52,963 isValidPasswordName logging, password name is valid
2023-04-06 17:24:52,963 isValidKey logging, Key is not valid
2023-04-06 17:24:52,963 isValidUserName logging, User name is valid
2023-04-06 17:24:52,963 isValidPasswordName logging, password name is valid
2023-04-06 17:24:52,964 isValidKey logging, Key is not valid
2023-04-06 17:24:52,964 isValidUserName logging, User name is valid
2023-04-06 17:24:52,964 isValidPasswordName logging, password name is valid
2023-04-06 17:24:52,964 isValidKey logging, Key is not valid
2023-04-06 17:24:52,964 isValidUserName logging, User name is valid
2023-04-06 17:24:52,964 isValidPasswordName logging, password name is valid
2023-04-06 17:24:52,964 isValidKey logging, Key is not valid
2023-04-06 17:24:52,964 isValidUserName logging, User name is valid
2023-04-06 17:24:52,964 isValidPasswordName logging, password name is valid
2023-04-06 17:24:52,964 isValidKey logging, Key is not valid
2023-04-06 17:24:52,965 isValidUserName logging, User name is valid
2023-04-06 17:24:52,965 isValidPasswordName logging, password name is valid
2023-04-06 17:24:52,965 isValidKey logging, Key is not valid
2023-04-06 17:24:52,965 isValidUserName logging, User name is valid
2023-04-06 17:24:52,965 isValidPasswordName logging, password name is valid
2023-04-06 17:24:52,965 isValidKey logging, Key is not valid
2023-04-06 17:24:52,965 isValidUserName logging, User name is valid
2023-04-06 17:24:52,965 isValidPasswordName logging, password name is valid
2023-04-06 17:24:52,965 isValidKey logging, Key is not valid
2023-04-06 17:24:52,966 isValidUserName logging, User name is valid
2023-04-06 17:24:52,966 isValidPasswordName logging, password name is valid
2023-04-06 17:24:52,966 isValidKey logging, Key is not valid
2023-04-06 17:24:52,966 isValidUserName logging, User name is valid
2023-04-06 17:24:52,966 isValidPasswordName logging, password name is valid
2023-04-06 17:24:52,966 isValidKey logging, Key is not valid
2023-04-06 17:24:52,966 isValidUserName logging, User name is valid
2023-04-06 17:24:52,966 isValidPasswordName logging, password name is valid
2023-04-06 17:24:52,966 isValidKey logging, Key is not valid
2023-04-06 17:24:52,966 isValidUserName logging, User name is valid
2023-04-06 17:24:52,967 isValidPasswordName logging, password name is valid
2023-04-06 17:24:52,967 isValidKey logging, Key is not valid
2023-04-06 17:24:52,967 isValidUserName logging, User name is valid
2023-04-06 17:24:52,967 isValidPasswordName logging, password name is valid
2023-04-06 17:24:52,967 isValidKey logging, Key is not valid
2023-04-06 17:24:52,967 isValidUserName logging, User name is valid
2023-04-06 17:24:52,967 isValidPasswordName logging, password name is valid
2023-04-06 17:24:52,967 isValidKey logging, Key is not valid
2023-04-06 17:24:52,967 isValidUserName logging, User name is valid
2023-04-06 17:24:52,967 isValidPasswordName logging, password name is valid
2023-04-06 17:24:52,967 isValidKey logging, Key is not valid
2023-04-06 17:24:52,967 isValidUserName logging, User name is valid
2023-04-06 17:24:52,967 isValidPasswordName logging, password name is valid
2023-04-06 17:24:52,968 isValidKey logging, Key is not valid
2023-04-06 17:24:54,526 isValidUserName logging, User name is valid
2023-04-06 17:24:54,526 isValidPasswordName logging, password name is valid
2023-04-06 17:24:54,526 isValidKey logging, Key is not valid
2023-04-06 17:24:54,526 isValidUserName logging, User name is valid
2023-04-06 17:24:54,526 isValidPasswordName logging, password name is valid
2023-04-06 17:24:54,526 isValidKey logging, Key is not valid
2023-04-06 17:24:54,526 isValidUserName logging, User name is valid
2023-04-06 17:24:54,526 isValidPasswordName logging, password name is valid
2023-04-06 17:24:54,526 isValidKey logging, Key is not valid
2023-04-06 17:24:54,526 isValidUserName logging, User name is valid
2023-04-06 17:24:54,526 isValidPasswordName logging, password name is valid
2023-04-06 17:24:54,526 isValidKey logging, Key is not valid
2023-04-06 17:24:54,526 isValidUserName logging, User name is valid
2023-04-06 17:24:54,526 isValidPasswordName logging, password name is valid
2023-04-06 17:24:54,526 isValidKey logging, Key is not valid
2023-04-06 17:24:54,527 isValidUserName logging, User name is valid
2023-04-06 17:24:54,527 isValidPasswordName logging, password name is valid
2023-04-06 17:24:54,527 isValidKey logging, Key is not valid
2023-04-06 17:24:54,527 isValidUserName logging, User name is valid
2023-04-06 17:24:54,527 isValidPasswordName logging, password name is valid
2023-04-06 17:24:54,527 isValidKey logging, Key is not valid
2023-04-06 17:24:54,527 isValidUserName logging, User name is valid
2023-04-06 17:24:54,527 isValidPasswordName logging, password name is valid
2023-04-06 17:24:54,527 isValidKey logging, Key is not valid
2023-04-06 17:24:54,527 isValidUserName logging, User name is valid
2023-04-06 17:24:54,527 checkIfValidSecret logging, secret is valid
2023-04-06 17:24:54,527 isValidPasswordName logging, password name is valid
2023-04-06 17:24:54,527 isValidKey logging, Key is not valid
2023-04-06 17:24:54,527 isValidUserName logging, User name is valid
2023-04-06 17:24:54,527 isValidPasswordName logging, password name is valid
2023-04-06 17:24:54,527 isValidKey logging, Key is not valid
2023-04-06 17:24:54,528 isValidUserName logging, User name is valid
2023-04-06 17:24:54,528 isValidPasswordName logging, password name is valid
2023-04-06 17:24:54,528 checkIfValidSecret logging, secret is valid
2023-04-06 17:24:54,528 isValidKey logging, Key is not valid
2023-04-06 17:24:54,528 isValidUserName logging, User name is valid
2023-04-06 17:24:54,528 isValidPasswordName logging, password name is valid
2023-04-06 17:24:54,528 isValidKey logging, Key is not valid
2023-04-06 17:24:54,528 isValidUserName logging, User name is valid
2023-04-06 17:24:54,528 checkIfValidSecret logging, secret is valid
2023-04-06 17:24:54,528 isValidPasswordName logging, password name is valid
2023-04-06 17:24:54,528 isValidKey logging, Key is not valid
2023-04-06 17:24:54,528 isValidUserName logging, User name is valid
2023-04-06 17:24:54,528 isValidPasswordName logging, password name is valid
2023-04-06 17:24:54,528 isValidKey logging, Key is not valid
2023-04-06 17:24:54,528 isValidUserName logging, User name is valid
2023-04-06 17:24:54,528 isValidPasswordName logging, password name is valid
2023-04-06 17:24:54,528 checkIfValidSecret logging, secret is valid
2023-04-06 17:24:54,528 isValidKey logging, Key is not valid
2023-04-06 17:24:54,529 isValidUserName logging, User name is valid
2023-04-06 17:24:54,529 isValidPasswordName logging, password name is valid
2023-04-06 17:24:54,529 isValidKey logging, Key is not valid
2023-04-06 17:24:54,529 isValidUserName logging, User name is valid
2023-04-06 17:24:54,529 isValidPasswordName logging, password name is valid
2023-04-06 17:24:54,529 isValidKey logging, Key is not valid
2023-04-06 17:24:54,529 isValidUserName logging, User name is valid
2023-04-06 17:24:54,529 isValidPasswordName logging, password name is valid
2023-04-06 17:24:54,529 isValidKey logging, Key is not valid
2023-04-06 17:24:54,529 isValidUserName logging, User name is valid
2023-04-06 17:24:54,529 isValidPasswordName logging, password name is valid
2023-04-06 17:24:54,529 isValidKey logging, Key is not valid
2023-04-06 17:24:54,529 isValidUserName logging, User name is valid
2023-04-06 17:24:54,529 isValidPasswordName logging, password name is valid
2023-04-06 17:24:54,529 isValidKey logging, Key is not valid
2023-04-06 17:24:54,529 isValidUserName logging, User name is valid
2023-04-06 17:24:54,529 isValidPasswordName logging, password name is valid
2023-04-06 17:24:54,529 isValidKey logging, Key is not valid
2023-04-06 17:24:54,530 isValidUserName logging, User name is valid
2023-04-06 17:24:54,530 isValidPasswordName logging, password name is valid
2023-04-06 17:24:54,530 isValidKey logging, Key is not valid
2023-04-06 17:24:54,530 isValidUserName logging, User name is valid
2023-04-06 17:24:54,530 isValidPasswordName logging, password name is valid
2023-04-06 17:24:54,530 isValidKey logging, Key is not valid
2023-04-06 17:24:54,530 isValidUserName logging, User name is valid
2023-04-06 17:24:54,530 isValidPasswordName logging, password name is valid
2023-04-06 17:24:54,530 isValidKey logging, Key is not valid
2023-04-06 17:24:54,530 isValidUserName logging, User name is valid
2023-04-06 17:24:54,530 isValidPasswordName logging, password name is valid
2023-04-06 17:24:54,530 isValidKey logging, Key is not valid
2023-04-06 17:24:54,530 isValidUserName logging, User name is valid
2023-04-06 17:24:54,530 isValidPasswordName logging, password name is valid
2023-04-06 17:24:54,530 isValidKey logging, Key is not valid
2023-04-06 17:24:54,530 isValidUserName logging, User name is valid
2023-04-06 17:24:54,530 isValidPasswordName logging, password name is valid
2023-04-06 17:24:54,531 isValidKey logging, Key is not valid
2023-04-06 17:24:54,531 isValidUserName logging, User name is valid
2023-04-06 17:24:54,531 isValidPasswordName logging, password name is valid
2023-04-06 17:24:54,531 isValidKey logging, Key is not valid
2023-04-06 17:24:54,531 isValidUserName logging, User name is valid
2023-04-06 17:24:54,531 isValidPasswordName logging, password name is valid
2023-04-06 17:24:54,531 isValidKey logging, Key is not valid
2023-04-06 17:24:54,531 isValidUserName logging, User name is valid
2023-04-06 17:24:54,531 isValidPasswordName logging, password name is valid
2023-04-06 17:24:54,531 isValidKey logging, Key is not valid
2023-04-06 17:24:54,531 isValidUserName logging, User name is valid
2023-04-06 17:24:54,531 isValidPasswordName logging, password name is valid
2023-04-06 17:24:54,531 isValidKey logging, Key is not valid
2023-04-06 17:24:54,531 isValidUserName logging, User name is valid
2023-04-06 17:24:54,531 isValidPasswordName logging, password name is valid
2023-04-06 17:24:54,531 isValidKey logging, Key is not valid
2023-04-06 17:24:54,531 isValidUserName logging, User name is valid
2023-04-06 17:24:54,532 isValidPasswordName logging, password name is valid
2023-04-06 17:24:54,532 isValidKey logging, Key is not valid
2023-04-06 17:24:54,532 isValidUserName logging, User name is valid
2023-04-06 17:24:54,532 isValidPasswordName logging, password name is valid
2023-04-06 17:24:54,532 isValidKey logging, Key is not valid
2023-04-06 17:24:54,532 isValidUserName logging, User name is valid
2023-04-06 17:24:54,532 isValidPasswordName logging, password name is valid
2023-04-06 17:24:54,532 isValidKey logging, Key is not valid
2023-04-06 17:24:54,532 isValidUserName logging, User name is valid
2023-04-06 17:24:54,532 isValidPasswordName logging, password name is valid
2023-04-06 17:24:54,532 isValidKey logging, Key is not valid
2023-04-06 17:24:54,532 isValidUserName logging, User name is valid
2023-04-06 17:24:54,532 isValidPasswordName logging, password name is valid
2023-04-06 17:24:54,532 isValidKey logging, Key is not valid
2023-04-06 17:24:54,532 isValidUserName logging, User name is valid
2023-04-06 17:24:54,532 isValidPasswordName logging, password name is valid
2023-04-06 17:24:54,532 isValidKey logging, Key is not valid
2023-04-06 17:24:54,532 isValidUserName logging, User name is valid
2023-04-06 17:24:54,533 isValidPasswordName logging, password name is valid
2023-04-06 17:24:54,533 isValidKey logging, Key is not valid
2023-04-06 17:24:54,533 isValidUserName logging, User name is valid
2023-04-06 17:24:54,533 isValidPasswordName logging, password name is valid
2023-04-06 17:24:54,533 isValidKey logging, Key is not valid
2023-04-06 17:24:54,533 isValidUserName logging, User name is valid
2023-04-06 17:24:54,533 isValidPasswordName logging, password name is valid
2023-04-06 17:24:54,533 isValidKey logging, Key is not valid
2023-04-06 17:24:54,533 isValidUserName logging, User name is valid
2023-04-06 17:24:54,533 isValidPasswordName logging, password name is valid
2023-04-06 17:24:54,533 isValidKey logging, Key is not valid
2023-04-06 17:24:54,533 isValidUserName logging, User name is valid
2023-04-06 17:24:54,533 isValidPasswordName logging, password name is valid
2023-04-06 17:24:54,533 isValidKey logging, Key is not valid
2023-04-06 17:24:54,533 isValidUserName logging, User name is valid
2023-04-06 17:24:54,534 isValidPasswordName logging, password name is valid
2023-04-06 17:24:54,534 isValidKey logging, Key is not valid
2023-04-06 17:24:54,534 isValidUserName logging, User name is valid
2023-04-06 17:24:54,534 isValidPasswordName logging, password name is valid
2023-04-06 17:24:54,534 isValidKey logging, Key is not valid
2023-04-06 17:24:54,534 isValidUserName logging, User name is valid
2023-04-06 17:24:54,534 isValidPasswordName logging, password name is valid
2023-04-06 17:24:54,534 isValidKey logging, Key is not valid
2023-04-06 17:24:54,534 isValidUserName logging, User name is valid
2023-04-06 17:24:54,534 isValidPasswordName logging, password name is valid
2023-04-06 17:24:54,534 isValidKey logging, Key is valid
2023-04-06 17:24:54,535 isValidUserName logging, User name is valid
2023-04-06 17:24:54,535 isValidPasswordName logging, password name is valid
2023-04-06 17:24:54,535 isValidKey logging, Key is valid
2023-04-06 17:24:54,535 isValidUserName logging, User name is valid
2023-04-06 17:24:54,535 isValidPasswordName logging, password name is valid
2023-04-06 17:24:54,535 isValidKey logging, Key is not valid
2023-04-06 17:24:54,535 isValidUserName logging, User name is valid
2023-04-06 17:24:54,535 isValidPasswordName logging, password name is valid
2023-04-06 17:24:54,535 isValidKey logging, Key is not valid
2023-04-06 17:24:54,535 isValidUserName logging, User name is valid
2023-04-06 17:24:54,535 isValidPasswordName logging, password name is valid
2023-04-06 17:24:54,535 isValidKey logging, Key is not valid
2023-04-06 17:24:54,535 isValidUserName logging, User name is valid
2023-04-06 17:24:54,535 isValidPasswordName logging, password name is valid
2023-04-06 17:24:54,535 isValidKey logging, Key is not valid
2023-04-06 17:24:54,536 isValidUserName logging, User name is valid
2023-04-06 17:24:54,536 isValidPasswordName logging, password name is valid
2023-04-06 17:24:54,536 isValidKey logging, Key is valid
2023-04-06 17:24:54,536 isValidUserName logging, User name is valid
2023-04-06 17:24:54,536 isValidPasswordName logging, password name is valid
2023-04-06 17:24:54,537 isValidKey logging, Key is valid
2023-04-06 17:24:54,537 isValidUserName logging, User name is valid
2023-04-06 17:24:54,537 isValidPasswordName logging, password name is valid
2023-04-06 17:24:54,537 isValidKey logging, Key is not valid
2023-04-06 17:24:54,537 isValidUserName logging, User name is valid
2023-04-06 17:24:54,537 isValidPasswordName logging, password name is valid
2023-04-06 17:24:54,537 isValidKey logging, Key is not valid
2023-04-06 17:24:54,537 isValidUserName logging, User name is valid
2023-04-06 17:24:54,537 isValidPasswordName logging, password name is valid
2023-04-06 17:24:54,537 isValidKey logging, Key is not valid
2023-04-06 17:24:54,537 isValidUserName logging, User name is valid
2023-04-06 17:24:54,537 isValidPasswordName logging, password name is valid
2023-04-06 17:24:54,537 isValidKey logging, Key is not valid
2023-04-06 17:24:54,538 isValidUserName logging, User name is valid
2023-04-06 17:24:54,538 isValidPasswordName logging, password name is valid
2023-04-06 17:24:54,538 isValidKey logging, Key is valid
2023-04-06 17:24:54,538 isValidUserName logging, User name is valid
2023-04-06 17:24:54,538 isValidPasswordName logging, password name is valid
2023-04-06 17:24:54,538 isValidKey logging, Key is valid
2023-04-06 17:24:54,538 isValidUserName logging, User name is valid
2023-04-06 17:24:54,538 isValidPasswordName logging, password name is valid
2023-04-06 17:24:54,538 isValidKey logging, Key is not valid
2023-04-06 17:24:54,538 isValidUserName logging, User name is valid
2023-04-06 17:24:54,538 isValidPasswordName logging, password name is valid
2023-04-06 17:24:54,538 isValidKey logging, Key is not valid
2023-04-06 17:24:54,539 isValidUserName logging, User name is valid
2023-04-06 17:24:54,539 isValidPasswordName logging, password name is valid
2023-04-06 17:24:54,539 isValidKey logging, Key is not valid
2023-04-06 17:24:54,539 isValidUserName logging, User name is valid
2023-04-06 17:24:54,539 isValidPasswordName logging, password name is valid
2023-04-06 17:24:54,539 isValidKey logging, Key is not valid
2023-04-06 17:24:54,539 isValidUserName logging, User name is valid
2023-04-06 17:24:54,539 isValidPasswordName logging, password name is valid
2023-04-06 17:24:54,539 isValidKey logging, Key is valid
2023-04-06 17:24:54,540 isValidUserName logging, User name is valid
2023-04-06 17:24:54,540 isValidPasswordName logging, password name is valid
2023-04-06 17:24:54,540 isValidKey logging, Key is valid
2023-04-06 17:24:54,540 isValidUserName logging, User name is valid
2023-04-06 17:24:54,540 isValidPasswordName logging, password name is valid
2023-04-06 17:24:54,540 isValidKey logging, Key is not valid
2023-04-06 17:24:54,540 isValidUserName logging, User name is valid
2023-04-06 17:24:54,541 isValidPasswordName logging, password name is valid
2023-04-06 17:24:54,541 isValidKey logging, Key is not valid
2023-04-06 17:24:54,541 isValidUserName logging, User name is valid
2023-04-06 17:24:54,541 isValidPasswordName logging, password name is valid
2023-04-06 17:24:54,541 isValidKey logging, Key is not valid
2023-04-06 17:24:54,541 isValidUserName logging, User name is valid
2023-04-06 17:24:54,541 isValidPasswordName logging, password name is valid
2023-04-06 17:24:54,541 isValidKey logging, Key is not valid
2023-04-06 17:24:54,541 isValidUserName logging, User name is valid
2023-04-06 17:24:54,541 isValidPasswordName logging, password name is valid
2023-04-06 17:24:54,541 isValidKey logging, Key is valid
2023-04-06 17:24:54,541 isValidUserName logging, User name is valid
2023-04-06 17:24:54,541 isValidPasswordName logging, password name is valid
2023-04-06 17:24:54,541 isValidKey logging, Key is valid
2023-04-06 17:24:54,542 isValidUserName logging, User name is valid
2023-04-06 17:24:54,542 isValidPasswordName logging, password name is valid
2023-04-06 17:24:54,542 isValidKey logging, Key is not valid
2023-04-06 17:24:54,542 isValidUserName logging, User name is valid
2023-04-06 17:24:54,542 isValidPasswordName logging, password name is valid
2023-04-06 17:24:54,542 isValidKey logging, Key is not valid
2023-04-06 17:24:54,542 isValidUserName logging, User name is valid
2023-04-06 17:24:54,542 isValidPasswordName logging, password name is valid
2023-04-06 17:24:54,542 isValidKey logging, Key is not valid
2023-04-06 17:24:54,542 isValidUserName logging, User name is valid
2023-04-06 17:24:54,542 isValidPasswordName logging, password name is valid
2023-04-06 17:24:54,542 isValidKey logging, Key is not valid
2023-04-06 17:24:54,542 isValidUserName logging, User name is valid
2023-04-06 17:24:54,542 isValidPasswordName logging, password name is valid
2023-04-06 17:24:54,542 isValidKey logging, Key is not valid
2023-04-06 17:24:54,542 isValidUserName logging, User name is valid
2023-04-06 17:24:54,542 isValidPasswordName logging, password name is valid
2023-04-06 17:24:54,543 isValidKey logging, Key is not valid
2023-04-06 17:24:54,543 isValidUserName logging, User name is valid
2023-04-06 17:24:54,543 isValidPasswordName logging, password name is valid
2023-04-06 17:24:54,543 isValidKey logging, Key is not valid
2023-04-06 17:24:54,543 isValidUserName logging, User name is valid
2023-04-06 17:24:54,543 isValidPasswordName logging, password name is valid
2023-04-06 17:24:54,543 isValidKey logging, Key is not valid
2023-04-06 17:24:54,543 isValidUserName logging, User name is valid
2023-04-06 17:24:54,543 isValidPasswordName logging, password name is valid
2023-04-06 17:24:54,543 isValidKey logging, Key is not valid
2023-04-06 17:24:54,543 isValidUserName logging, User name is valid
2023-04-06 17:24:54,543 isValidPasswordName logging, password name is valid
2023-04-06 17:24:54,543 isValidKey logging, Key is not valid
2023-04-06 17:24:54,543 isValidUserName logging, User name is valid
2023-04-06 17:24:54,543 isValidPasswordName logging, password name is valid
2023-04-06 17:24:54,543 isValidKey logging, Key is not valid
2023-04-06 17:24:54,543 isValidUserName logging, User name is valid
2023-04-06 17:24:54,544 isValidPasswordName logging, password name is valid
2023-04-06 17:24:54,544 isValidKey logging, Key is not valid
2023-04-06 17:24:54,544 isValidUserName logging, User name is valid
2023-04-06 17:24:54,544 isValidPasswordName logging, password name is valid
2023-04-06 17:24:54,544 isValidKey logging, Key is not valid
2023-04-06 17:24:54,544 isValidUserName logging, User name is valid
2023-04-06 17:24:54,544 isValidPasswordName logging, password name is valid
2023-04-06 17:24:54,544 isValidKey logging, Key is not valid
2023-04-06 17:24:54,544 isValidUserName logging, User name is valid
2023-04-06 17:24:54,544 isValidPasswordName logging, password name is valid
2023-04-06 17:24:54,544 isValidKey logging, Key is not valid
2023-04-06 17:24:54,544 isValidUserName logging, User name is valid
2023-04-06 17:24:54,544 isValidPasswordName logging, password name is valid
2023-04-06 17:24:54,544 isValidKey logging, Key is not valid
2023-04-06 17:24:54,544 isValidUserName logging, User name is valid
2023-04-06 17:24:54,544 isValidPasswordName logging, password name is valid
2023-04-06 17:24:54,544 isValidKey logging, Key is not valid
2023-04-06 17:24:54,545 isValidUserName logging, User name is valid
2023-04-06 17:24:54,545 isValidPasswordName logging, password name is valid
2023-04-06 17:24:54,545 isValidKey logging, Key is not valid
2023-04-06 17:24:54,545 isValidUserName logging, User name is valid
2023-04-06 17:24:54,545 isValidPasswordName logging, password name is valid
2023-04-06 17:24:54,545 isValidKey logging, Key is not valid
2023-04-06 17:24:54,545 isValidUserName logging, User name is valid
2023-04-06 17:24:54,545 isValidPasswordName logging, password name is valid
2023-04-06 17:24:54,545 isValidKey logging, Key is not valid
2023-04-06 17:24:54,545 isValidUserName logging, User name is valid
2023-04-06 17:24:54,545 isValidPasswordName logging, password name is valid
2023-04-06 17:24:54,545 isValidKey logging, Key is not valid
2023-04-06 17:24:54,545 isValidUserName logging, User name is valid
2023-04-06 17:24:54,545 isValidPasswordName logging, password name is valid
2023-04-06 17:24:54,545 isValidKey logging, Key is not valid
2023-04-06 17:24:54,545 isValidUserName logging, User name is valid
2023-04-06 17:24:54,545 isValidPasswordName logging, password name is valid
2023-04-06 17:24:54,546 isValidKey logging, Key is not valid
2023-04-06 17:24:54,546 isValidUserName logging, User name is valid
2023-04-06 17:24:54,546 isValidPasswordName logging, password name is valid
2023-04-06 17:24:54,546 isValidKey logging, Key is not valid
2023-04-06 17:24:54,546 isValidUserName logging, User name is valid
2023-04-06 17:24:54,546 isValidPasswordName logging, password name is valid
2023-04-06 17:24:54,546 isValidKey logging, Key is not valid
2023-04-06 17:24:54,546 isValidUserName logging, User name is valid
2023-04-06 17:24:54,546 isValidPasswordName logging, password name is valid
2023-04-06 17:24:54,546 isValidKey logging, Key is not valid
2023-04-06 17:24:54,546 isValidUserName logging, User name is valid
2023-04-06 17:24:54,546 isValidPasswordName logging, password name is valid
2023-04-06 17:24:54,546 isValidKey logging, Key is not valid
2023-04-06 17:24:54,546 isValidUserName logging, User name is valid
2023-04-06 17:24:54,546 isValidPasswordName logging, password name is valid
2023-04-06 17:24:54,546 isValidKey logging, Key is not valid
2023-04-06 17:24:54,546 isValidUserName logging, User name is valid
2023-04-06 17:24:54,546 isValidPasswordName logging, password name is valid
2023-04-06 17:24:54,547 isValidKey logging, Key is not valid
2023-04-06 17:24:54,547 isValidUserName logging, User name is valid
2023-04-06 17:24:54,547 isValidPasswordName logging, password name is valid
2023-04-06 17:24:54,547 isValidKey logging, Key is not valid
2023-04-06 17:24:54,547 isValidUserName logging, User name is valid
2023-04-06 17:24:54,547 isValidPasswordName logging, password name is valid
2023-04-06 17:24:54,547 isValidKey logging, Key is not valid
2023-04-06 17:24:54,547 isValidUserName logging, User name is valid
2023-04-06 17:24:54,547 isValidPasswordName logging, password name is valid
2023-04-06 17:24:54,547 isValidKey logging, Key is not valid
2023-04-06 17:24:55,693 isValidUserName logging, User name is valid
2023-04-06 17:24:55,693 isValidPasswordName logging, password name is valid
2023-04-06 17:24:55,693 isValidKey logging, Key is not valid
2023-04-06 17:24:55,694 isValidUserName logging, User name is valid
2023-04-06 17:24:55,694 isValidPasswordName logging, password name is valid
2023-04-06 17:24:55,694 isValidKey logging, Key is not valid
2023-04-06 17:24:55,694 isValidUserName logging, User name is valid
2023-04-06 17:24:55,694 isValidPasswordName logging, password name is valid
2023-04-06 17:24:55,694 isValidKey logging, Key is not valid
2023-04-06 17:24:55,694 isValidUserName logging, User name is valid
2023-04-06 17:24:55,694 isValidPasswordName logging, password name is valid
2023-04-06 17:24:55,694 isValidKey logging, Key is not valid
2023-04-06 17:24:55,694 isValidUserName logging, User name is valid
2023-04-06 17:24:55,694 isValidPasswordName logging, password name is valid
2023-04-06 17:24:55,694 isValidKey logging, Key is not valid
2023-04-06 17:24:55,694 isValidUserName logging, User name is valid
2023-04-06 17:24:55,694 isValidPasswordName logging, password name is valid
2023-04-06 17:24:55,694 isValidKey logging, Key is not valid
2023-04-06 17:24:55,694 isValidUserName logging, User name is valid
2023-04-06 17:24:55,694 isValidPasswordName logging, password name is valid
2023-04-06 17:24:55,694 isValidKey logging, Key is not valid
2023-04-06 17:24:55,695 isValidUserName logging, User name is valid
2023-04-06 17:24:55,695 isValidPasswordName logging, password name is valid
2023-04-06 17:24:55,695 isValidKey logging, Key is not valid
2023-04-06 17:24:55,695 isValidUserName logging, User name is valid
2023-04-06 17:24:55,695 isValidPasswordName logging, password name is valid
2023-04-06 17:24:55,695 isValidKey logging, Key is not valid
2023-04-06 17:24:55,695 isValidUserName logging, User name is valid
2023-04-06 17:24:55,695 checkIfValidSecret logging, secret is valid
2023-04-06 17:24:55,695 checkIfValidSecret logging, secret is valid
2023-04-06 17:24:55,695 isValidPasswordName logging, password name is valid
2023-04-06 17:24:55,695 isValidKey logging, Key is not valid
2023-04-06 17:24:55,695 isValidUserName logging, User name is valid
2023-04-06 17:24:55,695 isValidPasswordName logging, password name is valid
2023-04-06 17:24:55,695 isValidKey logging, Key is not valid
2023-04-06 17:24:55,695 isValidUserName logging, User name is valid
2023-04-06 17:24:55,695 isValidPasswordName logging, password name is valid
2023-04-06 17:24:55,695 isValidKey logging, Key is not valid
2023-04-06 17:24:55,695 isValidUserName logging, User name is valid
2023-04-06 17:24:55,695 isValidPasswordName logging, password name is valid
2023-04-06 17:24:55,695 isValidKey logging, Key is not valid
2023-04-06 17:24:55,696 isValidUserName logging, User name is valid
2023-04-06 17:24:55,696 isValidPasswordName logging, password name is valid
2023-04-06 17:24:55,696 isValidKey logging, Key is not valid
2023-04-06 17:24:55,696 isValidUserName logging, User name is valid
2023-04-06 17:24:55,696 isValidPasswordName logging, password name is valid
2023-04-06 17:24:55,696 isValidKey logging, Key is not valid
2023-04-06 17:24:55,696 isValidUserName logging, User name is valid
2023-04-06 17:24:55,696 isValidPasswordName logging, password name is valid
2023-04-06 17:24:55,696 isValidKey logging, Key is not valid
2023-04-06 17:24:55,696 isValidUserName logging, User name is valid
2023-04-06 17:24:55,696 isValidPasswordName logging, password name is valid
2023-04-06 17:24:55,696 isValidKey logging, Key is not valid
2023-04-06 17:24:55,696 isValidUserName logging, User name is valid
2023-04-06 17:24:55,697 isValidPasswordName logging, password name is valid
2023-04-06 17:24:55,697 isValidKey logging, Key is not valid
2023-04-06 17:24:55,697 isValidUserName logging, User name is valid
2023-04-06 17:24:55,697 isValidPasswordName logging, password name is valid
2023-04-06 17:24:55,697 isValidKey logging, Key is not valid
2023-04-06 17:24:55,697 isValidUserName logging, User name is valid
2023-04-06 17:24:55,697 isValidPasswordName logging, password name is valid
2023-04-06 17:24:55,697 checkIfValidSecret logging, secret is valid
2023-04-06 17:24:55,697 isValidKey logging, Key is not valid
2023-04-06 17:24:55,697 isValidUserName logging, User name is not valid
2023-04-06 17:24:55,697 isValidPasswordName logging, password name is valid
2023-04-06 17:24:55,697 isValidKey logging, Key is not valid
2023-04-06 17:24:55,697 isValidUserName logging, User name is valid
2023-04-06 17:24:55,697 checkIfValidSecret logging, secret is valid
2023-04-06 17:24:55,697 checkIfValidSecret logging, secret is valid
2023-04-06 17:24:55,697 isValidPasswordName logging, password name is valid
2023-04-06 17:24:55,698 isValidKey logging, Key is not valid
2023-04-06 17:24:55,698 isValidUserName logging, User name is valid
2023-04-06 17:24:55,698 isValidPasswordName logging, password name is valid
2023-04-06 17:24:55,698 isValidKey logging, Key is not valid
2023-04-06 17:24:55,698 isValidUserName logging, User name is valid
2023-04-06 17:24:55,698 isValidPasswordName logging, password name is valid
2023-04-06 17:24:55,698 isValidKey logging, Key is not valid
2023-04-06 17:24:55,698 isValidUserName logging, User name is valid
2023-04-06 17:24:55,698 isValidPasswordName logging, password name is valid
2023-04-06 17:24:55,698 isValidKey logging, Key is not valid
2023-04-06 17:24:55,698 isValidUserName logging, User name is valid
2023-04-06 17:24:55,698 isValidPasswordName logging, password name is valid
2023-04-06 17:24:55,698 isValidKey logging, Key is not valid
2023-04-06 17:24:55,698 isValidUserName logging, User name is valid
2023-04-06 17:24:55,698 isValidPasswordName logging, password name is valid
2023-04-06 17:24:55,698 isValidKey logging, Key is not valid
2023-04-06 17:24:55,698 isValidUserName logging, User name is valid
2023-04-06 17:24:55,698 isValidPasswordName logging, password name is valid
2023-04-06 17:24:55,698 isValidKey logging, Key is not valid
2023-04-06 17:24:55,699 isValidUserName logging, User name is valid
2023-04-06 17:24:55,699 isValidPasswordName logging, password name is valid
2023-04-06 17:24:55,699 isValidKey logging, Key is not valid
2023-04-06 17:24:55,699 isValidUserName logging, User name is valid
2023-04-06 17:24:55,699 isValidPasswordName logging, password name is valid
2023-04-06 17:24:55,699 isValidKey logging, Key is not valid
2023-04-06 17:24:55,699 isValidUserName logging, User name is valid
2023-04-06 17:24:55,699 isValidPasswordName logging, password name is valid
2023-04-06 17:24:55,699 isValidKey logging, Key is not valid
2023-04-06 17:24:55,699 isValidUserName logging, User name is valid
2023-04-06 17:24:55,699 isValidPasswordName logging, password name is valid
2023-04-06 17:24:55,699 isValidKey logging, Key is not valid
2023-04-06 17:24:55,699 isValidUserName logging, User name is valid
2023-04-06 17:24:55,699 isValidPasswordName logging, password name is valid
2023-04-06 17:24:55,699 isValidKey logging, Key is not valid
2023-04-06 17:24:55,699 isValidUserName logging, User name is valid
2023-04-06 17:24:55,699 isValidPasswordName logging, password name is valid
2023-04-06 17:24:55,699 isValidKey logging, Key is not valid
2023-04-06 17:24:55,699 isValidUserName logging, User name is valid
2023-04-06 17:24:55,700 isValidPasswordName logging, password name is valid
2023-04-06 17:24:55,700 isValidKey logging, Key is not valid
2023-04-06 17:24:55,700 isValidUserName logging, User name is valid
2023-04-06 17:24:55,700 isValidPasswordName logging, password name is valid
2023-04-06 17:24:55,700 isValidKey logging, Key is not valid
2023-04-06 17:24:55,700 isValidUserName logging, User name is valid
2023-04-06 17:24:55,700 isValidPasswordName logging, password name is valid
2023-04-06 17:24:55,700 isValidKey logging, Key is not valid
2023-04-06 17:24:55,700 isValidUserName logging, User name is valid
2023-04-06 17:24:55,700 isValidPasswordName logging, password name is valid
2023-04-06 17:24:55,700 isValidKey logging, Key is not valid
2023-04-06 17:24:55,700 isValidUserName logging, User name is valid
2023-04-06 17:24:55,700 isValidPasswordName logging, password name is valid
2023-04-06 17:24:55,700 isValidKey logging, Key is not valid
2023-04-06 17:24:55,700 isValidUserName logging, User name is valid
2023-04-06 17:24:55,700 isValidPasswordName logging, password name is valid
2023-04-06 17:24:55,700 isValidKey logging, Key is not valid
2023-04-06 17:24:55,700 isValidUserName logging, User name is valid
2023-04-06 17:24:55,700 isValidPasswordName logging, password name is valid
2023-04-06 17:24:55,700 isValidKey logging, Key is not valid
2023-04-06 17:24:55,701 isValidUserName logging, User name is valid
2023-04-06 17:24:55,701 isValidPasswordName logging, password name is valid
2023-04-06 17:24:55,701 isValidKey logging, Key is not valid
2023-04-06 17:24:55,701 isValidUserName logging, User name is valid
2023-04-06 17:24:55,701 isValidPasswordName logging, password name is valid
2023-04-06 17:24:55,701 isValidKey logging, Key is not valid
2023-04-06 17:25:00,928 isValidUserName logging, User name is valid
2023-04-06 17:25:00,928 isValidPasswordName logging, password name is valid
2023-04-06 17:25:00,928 isValidKey logging, Key is not valid
2023-04-06 17:25:00,928 isValidUserName logging, User name is valid
2023-04-06 17:25:00,928 isValidPasswordName logging, password name is valid
2023-04-06 17:25:00,928 isValidKey logging, Key is not valid
2023-04-06 17:25:00,928 isValidUserName logging, User name is valid
2023-04-06 17:25:00,928 isValidPasswordName logging, password name is valid
2023-04-06 17:25:00,928 isValidKey logging, Key is not valid
2023-04-06 17:25:00,928 isValidUserName logging, User name is valid
2023-04-06 17:25:00,929 isValidPasswordName logging, password name is valid
2023-04-06 17:25:00,929 isValidKey logging, Key is not valid
2023-04-06 17:25:00,929 isValidUserName logging, User name is valid
2023-04-06 17:25:00,929 isValidPasswordName logging, password name is valid
2023-04-06 17:25:00,929 isValidKey logging, Key is not valid
2023-04-06 17:25:00,929 isValidUserName logging, User name is valid
2023-04-06 17:25:00,929 isValidPasswordName logging, password name is valid
2023-04-06 17:25:00,929 isValidKey logging, Key is not valid
2023-04-06 17:25:00,929 isValidUserName logging, User name is valid
2023-04-06 17:25:00,929 isValidPasswordName logging, password name is valid
2023-04-06 17:25:00,929 isValidKey logging, Key is not valid
2023-04-06 17:25:00,929 isValidUserName logging, User name is valid
2023-04-06 17:25:00,929 isValidPasswordName logging, password name is valid
2023-04-06 17:25:00,929 checkIfValidSecret logging, secret is valid
2023-04-06 17:25:00,929 isValidKey logging, Key is not valid
2023-04-06 17:25:00,929 isValidUserName logging, User name is valid
2023-04-06 17:25:00,929 checkIfValidSecret logging, secret is valid
2023-04-06 17:25:00,929 isValidPasswordName logging, password name is valid
2023-04-06 17:25:00,929 isValidKey logging, Key is not valid
2023-04-06 17:25:00,929 isValidUserName logging, User name is valid
2023-04-06 17:25:00,930 isValidPasswordName logging, password name is valid
2023-04-06 17:25:00,930 isValidKey logging, Key is not valid
2023-04-06 17:25:00,930 isValidUserName logging, User name is valid
2023-04-06 17:25:00,930 isValidPasswordName logging, password name is valid
2023-04-06 17:25:00,930 isValidKey logging, Key is not valid
2023-04-06 17:25:00,930 isValidUserName logging, User name is valid
2023-04-06 17:25:00,930 isValidPasswordName logging, password name is valid
2023-04-06 17:25:00,930 isValidKey logging, Key is not valid
2023-04-06 17:25:00,930 isValidUserName logging, User name is valid
2023-04-06 17:25:00,930 isValidPasswordName logging, password name is valid
2023-04-06 17:25:00,930 isValidKey logging, Key is not valid
2023-04-06 17:25:00,930 isValidUserName logging, User name is valid
2023-04-06 17:25:00,930 isValidPasswordName logging, password name is valid
2023-04-06 17:25:00,930 isValidKey logging, Key is not valid
2023-04-06 17:25:00,930 isValidUserName logging, User name is valid
2023-04-06 17:25:00,930 isValidPasswordName logging, password name is valid
2023-04-06 17:25:00,930 isValidKey logging, Key is not valid
2023-04-06 17:25:00,930 isValidUserName logging, User name is valid
2023-04-06 17:25:00,930 isValidPasswordName logging, password name is valid
2023-04-06 17:25:00,930 isValidKey logging, Key is not valid
2023-04-06 17:25:00,931 isValidUserName logging, User name is valid
2023-04-06 17:25:00,931 isValidPasswordName logging, password name is valid
2023-04-06 17:25:00,931 isValidKey logging, Key is not valid
2023-04-06 17:25:00,931 isValidUserName logging, User name is valid
2023-04-06 17:25:00,931 isValidPasswordName logging, password name is valid
2023-04-06 17:25:00,931 isValidKey logging, Key is not valid
2023-04-06 17:25:00,931 isValidUserName logging, User name is valid
2023-04-06 17:25:00,931 isValidPasswordName logging, password name is valid
2023-04-06 17:25:00,931 isValidKey logging, Key is not valid
2023-04-06 17:25:00,931 isValidUserName logging, User name is valid
2023-04-06 17:25:00,931 isValidPasswordName logging, password name is valid
2023-04-06 17:25:00,931 isValidKey logging, Key is not valid
2023-04-06 17:25:00,931 isValidUserName logging, User name is valid
2023-04-06 17:25:00,931 isValidPasswordName logging, password name is valid
2023-04-06 17:25:00,931 isValidKey logging, Key is not valid
2023-04-06 17:25:00,931 isValidUserName logging, User name is valid
2023-04-06 17:25:00,931 isValidPasswordName logging, password name is valid
2023-04-06 17:25:00,931 isValidKey logging, Key is not valid
2023-04-06 17:25:00,931 isValidUserName logging, User name is valid
2023-04-06 17:25:00,931 isValidPasswordName logging, password name is valid
2023-04-06 17:25:00,932 isValidKey logging, Key is not valid
2023-04-06 17:25:00,932 isValidUserName logging, User name is valid
2023-04-06 17:25:00,932 isValidPasswordName logging, password name is valid
2023-04-06 17:25:00,932 isValidKey logging, Key is not valid
2023-04-06 17:25:00,932 isValidUserName logging, User name is valid
2023-04-06 17:25:00,932 isValidPasswordName logging, password name is valid
2023-04-06 17:25:00,932 isValidKey logging, Key is not valid
2023-04-06 17:25:00,932 isValidUserName logging, User name is valid
2023-04-06 17:25:00,932 isValidPasswordName logging, password name is valid
2023-04-06 17:25:00,932 isValidKey logging, Key is not valid
2023-04-06 17:25:00,932 isValidUserName logging, User name is valid
2023-04-06 17:25:00,932 isValidPasswordName logging, password name is valid
2023-04-06 17:25:00,932 isValidKey logging, Key is not valid
2023-04-06 17:25:00,932 isValidUserName logging, User name is valid
2023-04-06 17:25:00,932 isValidPasswordName logging, password name is valid
2023-04-06 17:25:00,932 isValidKey logging, Key is not valid
2023-04-06 17:25:00,932 isValidUserName logging, User name is valid
2023-04-06 17:25:00,932 isValidPasswordName logging, password name is valid
2023-04-06 17:25:00,932 isValidKey logging, Key is not valid
2023-04-06 17:25:00,932 isValidUserName logging, User name is valid
2023-04-06 17:25:00,933 isValidPasswordName logging, password name is valid
2023-04-06 17:25:00,933 isValidKey logging, Key is not valid
2023-04-06 17:25:00,933 isValidUserName logging, User name is valid
2023-04-06 17:25:00,933 isValidPasswordName logging, password name is valid
2023-04-06 17:25:00,933 isValidKey logging, Key is not valid
2023-04-06 17:25:00,933 isValidUserName logging, User name is valid
2023-04-06 17:25:00,933 isValidPasswordName logging, password name is valid
2023-04-06 17:25:00,933 isValidKey logging, Key is not valid
2023-04-06 17:25:00,933 isValidUserName logging, User name is valid
2023-04-06 17:25:00,933 isValidPasswordName logging, password name is valid
2023-04-06 17:25:00,933 isValidKey logging, Key is not valid
2023-04-06 17:25:00,933 isValidUserName logging, User name is valid
2023-04-06 17:25:00,933 isValidPasswordName logging, password name is valid
2023-04-06 17:25:00,933 isValidKey logging, Key is not valid
2023-04-06 17:25:00,934 isValidUserName logging, User name is valid
2023-04-06 17:25:00,934 isValidPasswordName logging, password name is valid
2023-04-06 17:25:00,934 isValidKey logging, Key is not valid
2023-04-06 17:25:00,934 isValidUserName logging, User name is valid
2023-04-06 17:25:00,934 isValidPasswordName logging, password name is valid
2023-04-06 17:25:00,934 isValidKey logging, Key is not valid
2023-04-06 17:25:00,934 isValidUserName logging, User name is valid
2023-04-06 17:25:00,934 isValidPasswordName logging, password name is valid
2023-04-06 17:25:00,934 isValidKey logging, Key is not valid
2023-04-06 17:25:00,934 isValidUserName logging, User name is valid
2023-04-06 17:25:00,934 isValidPasswordName logging, password name is valid
2023-04-06 17:25:00,934 isValidKey logging, Key is not valid
2023-04-06 17:25:00,934 isValidUserName logging, User name is valid
2023-04-06 17:25:00,934 isValidPasswordName logging, password name is valid
2023-04-06 17:25:00,934 isValidKey logging, Key is not valid
2023-04-06 17:25:00,934 isValidUserName logging, User name is valid
2023-04-06 17:25:00,934 isValidPasswordName logging, password name is valid
2023-04-06 17:25:00,934 isValidKey logging, Key is not valid
2023-04-06 17:25:00,934 isValidUserName logging, User name is valid
2023-04-06 17:25:00,935 isValidPasswordName logging, password name is valid
2023-04-06 17:25:00,935 isValidKey logging, Key is not valid
2023-04-06 17:25:00,935 isValidUserName logging, User name is valid
2023-04-06 17:25:00,935 isValidPasswordName logging, password name is valid
2023-04-06 17:25:00,935 isValidKey logging, Key is not valid
2023-04-06 17:25:00,935 isValidUserName logging, User name is valid
2023-04-06 17:25:00,935 isValidPasswordName logging, password name is valid
2023-04-06 17:25:00,935 isValidKey logging, Key is not valid
2023-04-06 17:25:00,935 isValidUserName logging, User name is valid
2023-04-06 17:25:00,935 isValidPasswordName logging, password name is valid
2023-04-06 17:25:00,935 isValidKey logging, Key is not valid
2023-04-06 17:25:00,935 isValidUserName logging, User name is valid
2023-04-06 17:25:00,935 isValidPasswordName logging, password name is valid
2023-04-06 17:25:00,935 isValidKey logging, Key is not valid
2023-04-06 17:25:00,936 isValidUserName logging, User name is valid
2023-04-06 17:25:00,936 isValidPasswordName logging, password name is valid
2023-04-06 17:25:00,936 isValidKey logging, Key is not valid
2023-04-06 17:25:00,936 isValidUserName logging, User name is valid
2023-04-06 17:25:00,936 isValidPasswordName logging, password name is valid
2023-04-06 17:25:00,936 isValidKey logging, Key is not valid
2023-04-06 17:25:00,936 isValidUserName logging, User name is valid
2023-04-06 17:25:00,936 isValidPasswordName logging, password name is valid
2023-04-06 17:25:00,936 isValidKey logging, Key is not valid
2023-04-06 17:25:00,937 isValidUserName logging, User name is valid
2023-04-06 17:25:00,937 isValidPasswordName logging, password name is valid
2023-04-06 17:25:00,937 isValidKey logging, Key is not valid
2023-04-06 17:25:00,938 isValidUserName logging, User name is valid
2023-04-06 17:25:00,938 isValidPasswordName logging, password name is valid
2023-04-06 17:25:00,938 isValidKey logging, Key is not valid
2023-04-06 17:25:00,938 isValidUserName logging, User name is valid
2023-04-06 17:25:00,938 isValidPasswordName logging, password name is valid
2023-04-06 17:25:00,938 isValidKey logging, Key is not valid
2023-04-06 17:25:00,938 isValidUserName logging, User name is valid
2023-04-06 17:25:00,938 isValidPasswordName logging, password name is valid
2023-04-06 17:25:00,938 isValidKey logging, Key is not valid
2023-04-06 17:25:00,938 isValidUserName logging, User name is valid
2023-04-06 17:25:00,938 isValidPasswordName logging, password name is valid
2023-04-06 17:25:00,938 isValidKey logging, Key is not valid
2023-04-06 17:25:00,938 isValidUserName logging, User name is valid
2023-04-06 17:25:00,938 isValidPasswordName logging, password name is valid
2023-04-06 17:25:00,939 isValidKey logging, Key is not valid
2023-04-06 17:25:00,939 isValidUserName logging, User name is valid
2023-04-06 17:25:00,939 isValidPasswordName logging, password name is valid
2023-04-06 17:25:00,939 isValidKey logging, Key is not valid
2023-04-06 17:25:00,939 isValidUserName logging, User name is valid
2023-04-06 17:25:00,939 isValidPasswordName logging, password name is valid
2023-04-06 17:25:00,939 isValidKey logging, Key is not valid
2023-04-06 17:25:00,939 isValidUserName logging, User name is valid
2023-04-06 17:25:00,939 isValidPasswordName logging, password name is valid
2023-04-06 17:25:00,939 isValidKey logging, Key is not valid
2023-04-06 17:25:00,939 isValidUserName logging, User name is valid
2023-04-06 17:25:00,939 isValidPasswordName logging, password name is valid
2023-04-06 17:25:00,939 isValidKey logging, Key is not valid
2023-04-06 17:25:00,939 isValidUserName logging, User name is valid
2023-04-06 17:25:00,939 isValidPasswordName logging, password name is valid
2023-04-06 17:25:00,939 isValidKey logging, Key is not valid
2023-04-06 17:25:00,939 isValidUserName logging, User name is valid
2023-04-06 17:25:00,939 isValidPasswordName logging, password name is valid
2023-04-06 17:25:00,939 isValidKey logging, Key is not valid
2023-04-06 17:25:00,940 isValidUserName logging, User name is valid
2023-04-06 17:25:00,940 isValidPasswordName logging, password name is valid
2023-04-06 17:25:00,940 isValidKey logging, Key is not valid
2023-04-06 17:25:00,940 isValidUserName logging, User name is valid
2023-04-06 17:25:00,940 isValidPasswordName logging, password name is valid
2023-04-06 17:25:00,940 isValidKey logging, Key is not valid
2023-04-06 17:25:00,940 isValidUserName logging, User name is valid
2023-04-06 17:25:00,940 isValidPasswordName logging, password name is valid
2023-04-06 17:25:00,940 isValidKey logging, Key is not valid
2023-04-06 17:25:01,492 isValidUserName logging, User name is valid
2023-04-06 17:25:01,492 isValidPasswordName logging, password name is valid
2023-04-06 17:25:01,492 isValidKey logging, Key is not valid
2023-04-06 17:25:01,492 isValidUserName logging, User name is valid
2023-04-06 17:25:01,492 isValidPasswordName logging, password name is valid
2023-04-06 17:25:01,492 isValidKey logging, Key is not valid
2023-04-06 17:25:01,492 isValidUserName logging, User name is valid
2023-04-06 17:25:01,492 isValidPasswordName logging, password name is valid
2023-04-06 17:25:01,492 isValidKey logging, Key is not valid
2023-04-06 17:25:01,492 isValidUserName logging, User name is valid
2023-04-06 17:25:01,492 isValidPasswordName logging, password name is valid
2023-04-06 17:25:01,492 isValidKey logging, Key is not valid
2023-04-06 17:25:01,492 isValidUserName logging, User name is valid
2023-04-06 17:25:01,492 isValidPasswordName logging, password name is valid
2023-04-06 17:25:01,492 isValidKey logging, Key is not valid
2023-04-06 17:25:01,493 isValidUserName logging, User name is valid
2023-04-06 17:25:01,493 isValidPasswordName logging, password name is valid
2023-04-06 17:25:01,493 isValidKey logging, Key is not valid
2023-04-06 17:25:01,493 isValidUserName logging, User name is valid
2023-04-06 17:25:01,493 isValidPasswordName logging, password name is valid
2023-04-06 17:25:01,493 isValidKey logging, Key is not valid
2023-04-06 17:25:01,493 isValidUserName logging, User name is valid
2023-04-06 17:25:01,493 isValidPasswordName logging, password name is valid
2023-04-06 17:25:01,493 isValidKey logging, Key is not valid
2023-04-06 17:25:01,493 isValidUserName logging, User name is valid
2023-04-06 17:25:01,493 isValidPasswordName logging, password name is valid
2023-04-06 17:25:01,493 isValidKey logging, Key is not valid
2023-04-06 17:25:01,493 isValidUserName logging, User name is valid
2023-04-06 17:25:01,493 isValidPasswordName logging, password name is valid
2023-04-06 17:25:01,493 isValidKey logging, Key is not valid
2023-04-06 17:25:01,493 isValidUserName logging, User name is valid
2023-04-06 17:25:01,494 isValidPasswordName logging, password name is valid
2023-04-06 17:25:01,494 isValidKey logging, Key is not valid
2023-04-06 17:25:01,494 isValidUserName logging, User name is valid
2023-04-06 17:25:01,494 isValidPasswordName logging, password name is valid
2023-04-06 17:25:01,494 isValidKey logging, Key is not valid
2023-04-06 17:25:01,494 isValidUserName logging, User name is valid
2023-04-06 17:25:01,494 isValidPasswordName logging, password name is valid
2023-04-06 17:25:01,494 isValidKey logging, Key is not valid
2023-04-06 17:25:01,494 isValidUserName logging, User name is valid
2023-04-06 17:25:01,494 isValidPasswordName logging, password name is valid
2023-04-06 17:25:01,494 isValidKey logging, Key is not valid
2023-04-06 17:25:01,494 isValidUserName logging, User name is valid
2023-04-06 17:25:01,494 isValidPasswordName logging, password name is valid
2023-04-06 17:25:01,494 isValidKey logging, Key is not valid
2023-04-06 17:25:01,494 isValidUserName logging, User name is valid
2023-04-06 17:25:01,494 isValidPasswordName logging, password name is valid
2023-04-06 17:25:01,494 isValidKey logging, Key is not valid
2023-04-06 17:25:01,495 isValidUserName logging, User name is valid
2023-04-06 17:25:01,495 isValidPasswordName logging, password name is valid
2023-04-06 17:25:01,495 isValidKey logging, Key is not valid
2023-04-06 17:25:01,495 isValidUserName logging, User name is valid
2023-04-06 17:25:01,495 isValidPasswordName logging, password name is valid
2023-04-06 17:25:01,495 isValidKey logging, Key is not valid
2023-04-06 17:25:01,495 isValidUserName logging, User name is valid
2023-04-06 17:25:01,495 isValidPasswordName logging, password name is valid
2023-04-06 17:25:01,495 isValidKey logging, Key is not valid
2023-04-06 17:25:01,495 isValidUserName logging, User name is valid
2023-04-06 17:25:01,495 isValidPasswordName logging, password name is valid
2023-04-06 17:25:01,495 isValidKey logging, Key is not valid
2023-04-06 17:25:01,495 isValidUserName logging, User name is valid
2023-04-06 17:25:01,495 isValidPasswordName logging, password name is valid
2023-04-06 17:25:01,495 isValidKey logging, Key is not valid
2023-04-06 17:25:01,496 isValidUserName logging, User name is valid
2023-04-06 17:25:01,496 isValidPasswordName logging, password name is valid
2023-04-06 17:25:01,496 isValidKey logging, Key is not valid
2023-04-06 17:25:01,496 isValidUserName logging, User name is valid
2023-04-06 17:25:01,496 isValidPasswordName logging, password name is valid
2023-04-06 17:25:01,496 isValidKey logging, Key is not valid
2023-04-06 17:25:01,496 isValidUserName logging, User name is valid
2023-04-06 17:25:01,496 isValidPasswordName logging, password name is valid
2023-04-06 17:25:01,496 isValidKey logging, Key is not valid
2023-04-06 17:25:01,496 isValidUserName logging, User name is valid
2023-04-06 17:25:01,496 isValidPasswordName logging, password name is valid
2023-04-06 17:25:01,496 isValidKey logging, Key is not valid
2023-04-06 17:25:01,497 isValidUserName logging, User name is valid
2023-04-06 17:25:01,497 isValidPasswordName logging, password name is valid
2023-04-06 17:25:01,497 isValidKey logging, Key is not valid
2023-04-06 17:25:01,498 isValidUserName logging, User name is valid
2023-04-06 17:25:01,498 isValidPasswordName logging, password name is valid
2023-04-06 17:25:01,499 isValidKey logging, Key is not valid
2023-04-06 17:25:01,499 isValidUserName logging, User name is valid
2023-04-06 17:25:01,500 isValidPasswordName logging, password name is valid
2023-04-06 17:25:01,500 isValidKey logging, Key is not valid
2023-04-06 17:25:01,500 isValidUserName logging, User name is valid
2023-04-06 17:25:01,500 isValidPasswordName logging, password name is valid
2023-04-06 17:25:01,500 isValidKey logging, Key is not valid
2023-04-06 17:25:01,500 isValidUserName logging, User name is valid
2023-04-06 17:25:01,500 isValidPasswordName logging, password name is valid
2023-04-06 17:25:01,501 isValidKey logging, Key is not valid
2023-04-06 17:25:01,501 isValidUserName logging, User name is valid
2023-04-06 17:25:01,501 isValidPasswordName logging, password name is valid
2023-04-06 17:25:01,501 isValidKey logging, Key is not valid
2023-04-06 17:25:01,501 isValidUserName logging, User name is valid
2023-04-06 17:25:01,501 isValidPasswordName logging, password name is valid
2023-04-06 17:25:01,501 isValidKey logging, Key is not valid
2023-04-06 17:25:01,501 isValidUserName logging, User name is valid
2023-04-06 17:25:01,501 isValidPasswordName logging, password name is valid
2023-04-06 17:25:01,501 isValidKey logging, Key is not valid
2023-04-06 17:25:01,502 isValidUserName logging, User name is valid
2023-04-06 17:25:01,502 isValidPasswordName logging, password name is valid
2023-04-06 17:25:01,502 isValidKey logging, Key is not valid
2023-04-06 17:25:01,502 isValidUserName logging, User name is valid
2023-04-06 17:25:01,502 isValidPasswordName logging, password name is valid
2023-04-06 17:25:01,502 isValidKey logging, Key is not valid
2023-04-06 17:25:01,502 isValidUserName logging, User name is valid
2023-04-06 17:25:01,502 isValidPasswordName logging, password name is valid
2023-04-06 17:25:01,502 isValidKey logging, Key is not valid
2023-04-06 17:25:01,502 isValidUserName logging, User name is valid
2023-04-06 17:25:01,502 isValidPasswordName logging, password name is valid
2023-04-06 17:25:01,502 isValidKey logging, Key is not valid
2023-04-06 17:25:01,502 isValidUserName logging, User name is valid
2023-04-06 17:25:01,502 isValidPasswordName logging, password name is valid
2023-04-06 17:25:01,502 isValidKey logging, Key is not valid
2023-04-06 17:25:01,503 isValidUserName logging, User name is valid
2023-04-06 17:25:01,503 isValidPasswordName logging, password name is valid
2023-04-06 17:25:01,503 isValidKey logging, Key is not valid
2023-04-06 17:25:01,503 isValidUserName logging, User name is valid
2023-04-06 17:25:01,503 isValidPasswordName logging, password name is valid
2023-04-06 17:25:01,503 isValidKey logging, Key is not valid
2023-04-06 17:25:01,503 isValidUserName logging, User name is valid
2023-04-06 17:25:01,503 isValidPasswordName logging, password name is valid
2023-04-06 17:25:01,503 isValidKey logging, Key is not valid
2023-04-06 17:25:01,503 isValidUserName logging, User name is valid
2023-04-06 17:25:01,503 isValidPasswordName logging, password name is valid
2023-04-06 17:25:01,503 isValidKey logging, Key is not valid
2023-04-06 17:25:01,503 isValidUserName logging, User name is valid
2023-04-06 17:25:01,503 isValidPasswordName logging, password name is valid
2023-04-06 17:25:01,503 isValidKey logging, Key is not valid
2023-04-06 17:25:01,503 isValidUserName logging, User name is valid
2023-04-06 17:25:01,503 isValidPasswordName logging, password name is valid
2023-04-06 17:25:01,504 isValidKey logging, Key is not valid
2023-04-06 17:25:01,504 isValidUserName logging, User name is valid
2023-04-06 17:25:01,504 isValidPasswordName logging, password name is valid
2023-04-06 17:25:01,504 isValidKey logging, Key is not valid
2023-04-06 17:25:01,504 isValidUserName logging, User name is not valid
2023-04-06 17:25:01,504 isValidPasswordName logging, password name is valid
2023-04-06 17:25:01,504 isValidKey logging, Key is not valid
2023-04-06 17:25:01,504 isValidUserName logging, User name is valid
2023-04-06 17:25:01,504 isValidPasswordName logging, password name is valid
2023-04-06 17:25:01,504 isValidKey logging, Key is not valid
2023-04-06 17:25:01,504 isValidUserName logging, User name is valid
2023-04-06 17:25:01,504 isValidPasswordName logging, password name is valid
2023-04-06 17:25:01,504 isValidKey logging, Key is not valid
2023-04-06 17:25:01,504 isValidUserName logging, User name is valid
2023-04-06 17:25:01,504 isValidPasswordName logging, password name is valid
2023-04-06 17:25:01,504 isValidKey logging, Key is not valid
2023-04-06 17:25:01,504 isValidUserName logging, User name is valid
2023-04-06 17:25:01,505 isValidPasswordName logging, password name is valid
2023-04-06 17:25:01,505 isValidKey logging, Key is not valid
2023-04-06 17:25:01,505 isValidUserName logging, User name is valid
2023-04-06 17:25:01,505 isValidPasswordName logging, password name is valid
2023-04-06 17:25:01,505 isValidKey logging, Key is not valid
2023-04-06 17:25:01,505 isValidUserName logging, User name is valid
2023-04-06 17:25:01,505 isValidPasswordName logging, password name is valid
2023-04-06 17:25:01,505 isValidKey logging, Key is not valid
2023-04-06 17:25:01,505 isValidUserName logging, User name is valid
2023-04-06 17:25:01,505 isValidPasswordName logging, password name is valid
2023-04-06 17:25:01,505 isValidKey logging, Key is not valid
2023-04-06 17:25:01,505 isValidUserName logging, User name is valid
2023-04-06 17:25:01,505 isValidPasswordName logging, password name is valid
2023-04-06 17:25:01,505 isValidKey logging, Key is not valid
2023-04-06 17:25:01,505 isValidUserName logging, User name is valid
2023-04-06 17:25:01,505 isValidPasswordName logging, password name is valid
2023-04-06 17:25:01,505 isValidKey logging, Key is not valid
2023-04-06 17:25:01,506 isValidUserName logging, User name is valid
2023-04-06 17:25:01,506 isValidPasswordName logging, password name is valid
2023-04-06 17:25:01,506 isValidKey logging, Key is not valid
2023-04-06 17:25:01,506 isValidUserName logging, User name is valid
2023-04-06 17:25:01,506 isValidPasswordName logging, password name is valid
2023-04-06 17:25:01,506 isValidKey logging, Key is not valid
2023-04-06 17:25:01,506 isValidUserName logging, User name is valid
2023-04-06 17:25:01,506 isValidPasswordName logging, password name is valid
2023-04-06 17:25:01,506 isValidKey logging, Key is not valid
2023-04-06 17:25:01,506 isValidUserName logging, User name is valid
2023-04-06 17:25:01,506 isValidPasswordName logging, password name is valid
2023-04-06 17:25:01,506 isValidKey logging, Key is not valid
2023-04-06 17:25:01,506 isValidUserName logging, User name is valid
2023-04-06 17:25:01,506 isValidPasswordName logging, password name is valid
2023-04-06 17:25:01,506 isValidKey logging, Key is not valid
2023-04-06 17:25:01,506 isValidUserName logging, User name is valid
2023-04-06 17:25:01,506 isValidPasswordName logging, password name is valid
2023-04-06 17:25:01,506 isValidKey logging, Key is not valid
2023-04-06 17:25:01,507 isValidUserName logging, User name is valid
2023-04-06 17:25:01,507 isValidPasswordName logging, password name is valid
2023-04-06 17:25:01,507 isValidKey logging, Key is valid
2023-04-06 17:25:01,507 isValidUserName logging, User name is valid
2023-04-06 17:25:01,507 isValidPasswordName logging, password name is valid
2023-04-06 17:25:01,507 isValidKey logging, Key is valid
2023-04-06 17:25:01,507 isValidUserName logging, User name is valid
2023-04-06 17:25:01,507 isValidPasswordName logging, password name is valid
2023-04-06 17:25:01,507 isValidKey logging, Key is not valid
2023-04-06 17:25:01,507 isValidUserName logging, User name is valid
2023-04-06 17:25:01,507 isValidPasswordName logging, password name is valid
2023-04-06 17:25:01,507 isValidKey logging, Key is not valid
2023-04-06 17:25:01,507 isValidUserName logging, User name is valid
2023-04-06 17:25:01,507 isValidPasswordName logging, password name is valid
2023-04-06 17:25:01,507 isValidKey logging, Key is not valid
2023-04-06 17:25:01,507 isValidUserName logging, User name is valid
2023-04-06 17:25:01,507 isValidPasswordName logging, password name is valid
2023-04-06 17:25:01,508 isValidKey logging, Key is not valid
2023-04-06 17:25:01,508 isValidUserName logging, User name is valid
2023-04-06 17:25:01,508 isValidPasswordName logging, password name is valid
2023-04-06 17:25:01,508 isValidKey logging, Key is valid
2023-04-06 17:25:01,508 isValidUserName logging, User name is valid
2023-04-06 17:25:01,508 isValidPasswordName logging, password name is valid
2023-04-06 17:25:01,508 isValidKey logging, Key is valid
2023-04-06 17:25:01,508 isValidUserName logging, User name is valid
2023-04-06 17:25:01,508 isValidPasswordName logging, password name is valid
2023-04-06 17:25:01,508 isValidKey logging, Key is not valid
2023-04-06 17:25:01,508 isValidUserName logging, User name is valid
2023-04-06 17:25:01,508 isValidPasswordName logging, password name is valid
2023-04-06 17:25:01,508 isValidKey logging, Key is not valid
2023-04-06 17:25:01,508 isValidUserName logging, User name is valid
2023-04-06 17:25:01,508 isValidPasswordName logging, password name is valid
2023-04-06 17:25:01,508 isValidKey logging, Key is not valid
2023-04-06 17:25:01,508 isValidUserName logging, User name is valid
2023-04-06 17:25:01,509 isValidPasswordName logging, password name is valid
2023-04-06 17:25:01,509 isValidKey logging, Key is not valid
2023-04-06 17:25:01,509 isValidUserName logging, User name is valid
2023-04-06 17:25:01,509 isValidPasswordName logging, password name is valid
2023-04-06 17:25:01,509 isValidKey logging, Key is not valid
2023-04-06 17:25:01,509 isValidUserName logging, User name is valid
2023-04-06 17:25:01,509 isValidPasswordName logging, password name is valid
2023-04-06 17:25:01,509 isValidKey logging, Key is not valid
2023-04-06 17:25:01,509 isValidUserName logging, User name is valid
2023-04-06 17:25:01,509 isValidPasswordName logging, password name is valid
2023-04-06 17:25:01,509 isValidKey logging, Key is not valid
2023-04-06 17:25:01,509 isValidUserName logging, User name is valid
2023-04-06 17:25:01,509 isValidPasswordName logging, password name is valid
2023-04-06 17:25:01,509 isValidKey logging, Key is not valid
2023-04-06 17:25:01,509 isValidUserName logging, User name is valid
2023-04-06 17:25:01,509 isValidPasswordName logging, password name is valid
2023-04-06 17:25:01,509 isValidKey logging, Key is not valid
2023-04-06 17:25:01,510 isValidUserName logging, User name is valid
2023-04-06 17:25:01,510 isValidPasswordName logging, password name is valid
2023-04-06 17:25:01,510 isValidKey logging, Key is not valid
2023-04-06 17:25:01,510 isValidUserName logging, User name is valid
2023-04-06 17:25:01,510 isValidPasswordName logging, password name is valid
2023-04-06 17:25:01,510 isValidKey logging, Key is not valid
2023-04-06 17:25:01,510 isValidUserName logging, User name is valid
2023-04-06 17:25:01,510 isValidPasswordName logging, password name is valid
2023-04-06 17:25:01,510 isValidKey logging, Key is not valid
2023-04-06 17:25:01,510 isValidUserName logging, User name is valid
2023-04-06 17:25:01,510 isValidPasswordName logging, password name is valid
2023-04-06 17:25:01,510 isValidKey logging, Key is not valid
2023-04-06 17:25:01,510 isValidUserName logging, User name is valid
2023-04-06 17:25:01,510 isValidPasswordName logging, password name is valid
2023-04-06 17:25:01,510 isValidKey logging, Key is not valid
2023-04-06 17:25:01,510 isValidUserName logging, User name is valid
2023-04-06 17:25:01,510 isValidPasswordName logging, password name is valid
2023-04-06 17:25:01,510 isValidKey logging, Key is not valid
2023-04-06 17:25:01,511 isValidUserName logging, User name is valid
2023-04-06 17:25:01,511 isValidPasswordName logging, password name is valid
2023-04-06 17:25:01,511 isValidKey logging, Key is not valid
2023-04-06 17:25:01,511 isValidUserName logging, User name is valid
2023-04-06 17:25:01,511 isValidPasswordName logging, password name is valid
2023-04-06 17:25:01,511 isValidKey logging, Key is valid
2023-04-06 17:25:01,511 isValidUserName logging, User name is valid
2023-04-06 17:25:01,511 isValidPasswordName logging, password name is valid
2023-04-06 17:25:01,511 isValidKey logging, Key is not valid
2023-04-06 17:25:01,511 isValidUserName logging, User name is valid
2023-04-06 17:25:01,511 isValidPasswordName logging, password name is valid
2023-04-06 17:25:01,511 isValidKey logging, Key is not valid
2023-04-06 17:25:01,511 isValidUserName logging, User name is valid
2023-04-06 17:25:01,511 isValidPasswordName logging, password name is valid
2023-04-06 17:25:01,511 isValidKey logging, Key is not valid
2023-04-06 17:25:01,512 isValidUserName logging, User name is valid
2023-04-06 17:25:01,512 isValidPasswordName logging, password name is valid
2023-04-06 17:25:01,512 isValidKey logging, Key is not valid
2023-04-06 17:25:01,512 isValidUserName logging, User name is valid
2023-04-06 17:25:01,512 isValidPasswordName logging, password name is valid
2023-04-06 17:25:01,512 isValidKey logging, Key is not valid
2023-04-06 17:25:01,512 isValidUserName logging, User name is valid
2023-04-06 17:25:01,512 isValidPasswordName logging, password name is valid
2023-04-06 17:25:01,512 isValidKey logging, Key is not valid
2023-04-06 17:25:01,512 isValidUserName logging, User name is valid
2023-04-06 17:25:01,512 isValidPasswordName logging, password name is valid
2023-04-06 17:25:01,513 isValidKey logging, Key is not valid
2023-04-06 17:25:01,513 isValidUserName logging, User name is valid
2023-04-06 17:25:01,513 isValidPasswordName logging, password name is valid
2023-04-06 17:25:01,513 isValidKey logging, Key is not valid
2023-04-06 17:25:01,513 isValidUserName logging, User name is valid
2023-04-06 17:25:01,513 isValidPasswordName logging, password name is valid
2023-04-06 17:25:01,513 isValidKey logging, Key is not valid
2023-04-06 17:25:01,513 isValidUserName logging, User name is valid
2023-04-06 17:25:01,513 isValidPasswordName logging, password name is valid
2023-04-06 17:25:01,513 isValidKey logging, Key is not valid
2023-04-06 17:25:01,514 isValidUserName logging, User name is valid
2023-04-06 17:25:01,514 isValidPasswordName logging, password name is valid
2023-04-06 17:25:01,514 isValidKey logging, Key is not valid
2023-04-06 17:25:01,514 isValidUserName logging, User name is valid
2023-04-06 17:25:01,514 isValidPasswordName logging, password name is valid
2023-04-06 17:25:01,514 isValidKey logging, Key is not valid
2023-04-06 17:25:01,514 isValidUserName logging, User name is valid
2023-04-06 17:25:01,514 isValidPasswordName logging, password name is valid
2023-04-06 17:25:01,514 isValidKey logging, Key is not valid
2023-04-06 17:25:01,514 isValidUserName logging, User name is valid
2023-04-06 17:25:01,514 isValidPasswordName logging, password name is valid
2023-04-06 17:25:01,514 isValidKey logging, Key is not valid
2023-04-06 17:25:01,514 isValidUserName logging, User name is valid
2023-04-06 17:25:01,514 isValidPasswordName logging, password name is valid
2023-04-06 17:25:01,514 isValidKey logging, Key is not valid
2023-04-06 17:25:01,514 isValidUserName logging, User name is valid
2023-04-06 17:25:01,514 isValidPasswordName logging, password name is valid
2023-04-06 17:25:01,514 isValidKey logging, Key is not valid
2023-04-06 17:25:01,515 isValidUserName logging, User name is valid
2023-04-06 17:25:01,515 isValidPasswordName logging, password name is valid
2023-04-06 17:25:01,515 isValidKey logging, Key is not valid
2023-04-06 17:25:01,515 isValidUserName logging, User name is valid
2023-04-06 17:25:01,515 isValidPasswordName logging, password name is valid
2023-04-06 17:25:01,515 isValidKey logging, Key is not valid
2023-04-06 17:25:01,515 isValidUserName logging, User name is valid
2023-04-06 17:25:01,515 isValidPasswordName logging, password name is valid
2023-04-06 17:25:01,515 isValidKey logging, Key is not valid
2023-04-06 17:25:01,515 isValidUserName logging, User name is valid
2023-04-06 17:25:01,515 isValidPasswordName logging, password name is valid
2023-04-06 17:25:01,515 isValidKey logging, Key is not valid
2023-04-06 17:25:01,515 isValidUserName logging, User name is valid
2023-04-06 17:25:01,515 isValidPasswordName logging, password name is valid
2023-04-06 17:25:01,515 isValidKey logging, Key is not valid
